<testsuite errors="0" failures="1" name="" tests="79" time="37.225"  ><testcase classname="ApiTest" name="test_app_status" desc="Fetching an app status, blocking and update status" time="0.859"></testcase><testcase classname="ApiTest" name="test_apps" desc="API's apps.plist / app manifest" time="1.912"></testcase><testcase classname="ApiTest" name="test_authentication" desc="API: device registration, basic auth" time="0.081"></testcase><testcase classname="ApiTest" name="test_single_app_info" desc="Plist info for a single app" time="1.767"></testcase><testcase classname="AndroidTests" name="test_upload_apk" desc="Uploading an Android app" time="3.323"></testcase><testcase classname="ApiTests" name="test_accept_api" desc="API based on Accept headers" time="0.525"></testcase><testcase classname="ApiTests" name="test_accept_routing" desc="Routing on the Http-Accept header" time="0.084"></testcase><testcase classname="ApiTests" name="test_api_devices" time="0.109"></testcase><testcase classname="ApiTests" name="test_api_single_app" desc="Fetching a single app via the API" time="0.162"></testcase><testcase classname="ApiTests" name="test_app_not_published" desc="An app that hasn't been published yet" time="0.073"></testcase><testcase classname="ApiTests" name="test_googlebot_accept" desc="Googlebot or people who say Accept: */*" time="0.045"></testcase><testcase classname="AppTests" name="test_app_access_rights" desc="Access rights management for applications" time="0.480"></testcase><testcase classname="AppTests" name="test_app_cleanup" desc="Remove files for deleted apps" time="0.142"></testcase><testcase classname="AppTests" name="test_app_creation_perms" desc="Permissions for application creation" time="0.085"></testcase><testcase classname="AppTests" name="test_app_edition" desc="Edition of an existing application" time="0.372"></testcase><testcase classname="AppTests" name="test_apps_list" desc="The user's list of applications" time="0.136"></testcase><testcase classname="AppTests" name="test_ask_for_store" desc="Ask for the permission to add a store" time="0.115"></testcase><testcase classname="AppTests" name="test_clickjacking" time="0.051"></testcase><testcase classname="AppTests" name="test_contact" desc="The contact page" time="0.091"></testcase><testcase classname="AppTests" name="test_dashboard" desc="The application homepage, anonymous or logged in" time="0.135"></testcase><testcase classname="AppTests" name="test_download_count" desc="Download counts for apps" time="0.364"></testcase><testcase classname="AppTests" name="test_language_management" desc="Languages management" time="0.520"></testcase><testcase classname="AppTests" name="test_multiple_uploads_before_publication" desc="Multiple uploads before publication should result in 1 version" time="0.263"></testcase><testcase classname="AppTests" name="test_no_org_redirection" desc="Redirect to the org creation view if needed." time="0.077"></testcase><testcase classname="AppTests" name="test_org_creation" desc="Organization creation" time="0.199"></testcase><testcase classname="AppTests" name="test_rate_limiting" desc="Rate-limiting login attempts" time="0.629"></testcase><testcase classname="AppTests" name="test_sharing" desc="Share with a public link" time="0.729"></testcase><testcase classname="AppTests" name="test_support" desc="The support, features, pricing, terms and policy pages" time="0.638"></testcase><testcase classname="AppTests" name="test_switch_plan" time="0.730"></testcase><testcase classname="AppTests" name="test_update_ipa" desc="Update the IPA from the app's page" time="0.846"></testcase><testcase classname="AppTests" name="test_update_status" desc="Publishing, blocking or updating an app" time="0.213"></testcase><testcase classname="AppTests" name="test_upload_ipa" desc="Upload an IPA" time="1.564"></testcase><testcase classname="AppTests" name="test_upload_jpeg_icon" desc="Upload an IPA with a JPEG icon" time="8.381"></testcase><testcase classname="EnterpriseTests" name="test_app_uniqueness" desc="Same app name / bundle_id for different OSes" time="0.775"></testcase><testcase classname="EnterpriseTests" name="test_framework_detection" desc="Detection of the AppNest Framework in the IPAs" time="0.220"></testcase><testcase classname="EnterpriseTests" name="test_language_editing" desc="Language editing" time="0.292"></testcase><testcase classname="EnterpriseTests" name="test_rights_management" desc="Application rights management" time="0.783"></testcase><testcase classname="EnterpriseTests" name="test_rights_management_activated" desc="Disallowing device management if no framework" time="0.383"></testcase><testcase classname="EnterpriseTests" name="test_stats" desc="App download stats" time="0.251"></testcase><testcase classname="AuthUserTest" name="test_account_management" desc="Setting a new password" time="0.197"></testcase><testcase classname="AuthUserTest" name="test_duplicate_group_names" desc="Group names are not unique" time="0.069"></testcase><testcase classname="AuthUserTest" name="test_group_deletion" desc="Deleting a group from the web interface" time="0.163"></testcase><testcase classname="AuthUserTest" name="test_group_management" desc="Manage users and groups" time="0.231"></testcase><testcase classname="AuthUserTest" name="test_invite" desc="Invite new users" time="0.477"></testcase><testcase classname="AuthUserTest" name="test_invite_case" desc="Emails are stored lowercase" time="0.081"></testcase><testcase classname="AuthUserTest" name="test_invite_revoke_re_invite" desc="Invite, then revoke, then re-invite. User shouldn't see a" time="0.114"></testcase><testcase classname="AuthUserTest" name="test_invite_yourself" desc="Inviting yourself shouldn't do anything" time="0.079"></testcase><testcase classname="AuthUserTest" name="test_long_emails" desc="Emails longer that the default django length" time="0.123"></testcase><testcase classname="AuthUserTest" name="test_notification_settings" desc="Notification preferences" time="0.106"></testcase><testcase classname="AuthUserTest" name="test_password_recover" desc="Password recovery" time="0.117"></testcase><testcase classname="AuthUserTest" name="test_re_invite" desc="Invite someone twice?" time="0.076"></testcase><testcase classname="AuthUserTest" name="test_unsubscribe_links" desc="Unsubscribe from mail when new invites arrive" time="0.119"></testcase><testcase classname="AuthUserTest" name="test_users_management" desc="Revoking users from a store" time="0.397"></testcase><testcase classname="UserManagementTest" name="test_authentication" desc="Logging in, logging out" time="0.270"></testcase><testcase classname="UserManagementTest" name="test_business_invite" desc="Invites for direct access to an enterprise account" time="0.063"></testcase><testcase classname="UserManagementTest" name="test_registration" desc="User registration" time="0.176"></testcase><testcase classname="BlogTest" name="test_admin_preview" desc="Preview blog drafts in the admin" time="0.174"></testcase><testcase classname="BlogTest" name="test_blog_entry" desc="Single blog entry" time="0.045"></testcase><testcase classname="BlogTest" name="test_blog_index" desc="The blog index" time="0.014"></testcase><testcase classname="BlogTest" name="test_images" desc="Images in blog entries" time="0.328"></testcase><testcase classname="BlogTest" name="test_rss" desc="Blog syndication feed" time="0.024"></testcase><testcase classname="PlanTest" name="test_plan_calculation" time="0.039"></testcase><testcase classname="InstallerTest" name="test_android_install" time="0.135"></testcase><testcase classname="InstallerTest" name="test_download_count" time="0.217"></testcase><testcase classname="InstallerTest" name="test_index" desc="The installer index" time="0.066"></testcase><testcase classname="InstallerTest" name="test_version_page" time="0.417"></testcase><testcase classname="SimpleTest" name="test_create_ticket" desc="Creating support tickets" time="0.404"></testcase><testcase classname="SimpleTest" name="test_followup" desc="Following up on support requests" time="0.122"></testcase><testcase classname="SimpleTest" name="test_notification_on_ticket_creation" time="0.081"></testcase><testcase classname="SimpleTest" name="test_notification_on_update" time="0.291"></testcase><testcase classname="SimpleTest" name="test_obfuscate_email" desc="Hide email addresses for public tickets" time="0.066"></testcase><testcase classname="SimpleTest" name="test_public_ticket" time="0.146"></testcase><testcase classname="SimpleTest" name="test_support_homepage" desc="The support homepage" time="0.094"></testcase><testcase classname="DocTest" name="test_legacy" desc="Legacy doc URLs" time="0.160"></testcase><testcase classname="InvoicingTests" name="test_billing" desc="View billing details" time="0.100"></testcase><testcase classname="InvoicingTests" name="test_invoices_generation" desc="Generate monthly invoices" time="0.255"><failure type="AssertionError">Traceback (most recent call last):  File "/home/brute/code/brutasse/ci/ci/workspace/builds/38/.tox/python2.6-postgres/lib/python2.6/site-packages/django/utils/unittest/case.py", line 339, in run    testMethod()  File "/home/brute/code/brutasse/ci/ci/workspace/builds/38/.tox/python2.6-postgres/lib/python2.6/site-packages/appnest/invoicing/tests.py", line 77, in test_invoices_generation    self.assertTrue(Invoice.objects.get().amount &gt;= 25)  File "/home/brute/code/brutasse/ci/ci/workspace/builds/38/.tox/python2.6-postgres/lib/python2.6/site-packages/django/utils/unittest/case.py", line 426, in assertTrue    raise self.failureException(msg)AssertionError: False is not True</failure></testcase><testcase classname="InvoicingTests" name="test_monthly_cost" desc="Calculate the cost aggregate for a month" time="0.518"></testcase><testcase classname="DocTestCase" name="Entry" desc="Doctest: appnest.blog.models.Entry" time="0.122"></testcase><testcase classname="DocTestCase" name="contribute_to_model" desc="Doctest: appnest.utils.models.contribute_to_model" time="0.002"></testcase><system-out><![CDATA[]]></system-out><system-err><![CDATA[No handlers could be found for logger "appnest"
]]></system-err></testsuite>